  coinGenerator.cpp
D:\coinGenerator\coinGenerator\delaunay.h(13,3): warning C4091: 'typedef ': 변수를 선언하지 않으면 'del_point2d_t' 왼쪽은 무시됩니다.
  delaunay.cpp
D:\coinGenerator\coinGenerator\delaunay.h(13,3): warning C4091: 'typedef ': 변수를 선언하지 않으면 'del_point2d_t' 왼쪽은 무시됩니다.
  etf.cpp
D:\coinGenerator\coinGenerator\etf.cpp(144,9): warning C4101: 'pPixel' :참조되지 않은 지역 변수입니다.
D:\coinGenerator\coinGenerator\etf.cpp(314,36): warning C4267: '초기화 중': 'size_t'에서 'int'(으)로 변환하면서 데이터가 손실될 수 있습니다.
D:\coinGenerator\coinGenerator\etf.cpp(315,36): warning C4267: '초기화 중': 'size_t'에서 'int'(으)로 변환하면서 데이터가 손실될 수 있습니다.
D:\coinGenerator\coinGenerator\etf.cpp(316,35): warning C4267: '초기화 중': 'size_t'에서 'int'(으)로 변환하면서 데이터가 손실될 수 있습니다.
D:\coinGenerator\coinGenerator\etf.cpp(343,34): warning C4267: '초기화 중': 'size_t'에서 'int'(으)로 변환하면서 데이터가 손실될 수 있습니다.
D:\coinGenerator\coinGenerator\etf.cpp(446,37): warning C4244: '=': 'double'에서 '_Tp'(으)로 변환하면서 데이터가 손실될 수 있습니다.
          with
          [
              _Tp=float
          ]
D:\coinGenerator\coinGenerator\etf.cpp(454,36): warning C4267: '초기화 중': 'size_t'에서 'int'(으)로 변환하면서 데이터가 손실될 수 있습니다.
D:\coinGenerator\coinGenerator\etf.cpp(455,36): warning C4267: '초기화 중': 'size_t'에서 'int'(으)로 변환하면서 데이터가 손실될 수 있습니다.
D:\coinGenerator\coinGenerator\etf.cpp(474,36): warning C4244: '=': 'double'에서 '_Tp'(으)로 변환하면서 데이터가 손실될 수 있습니다.
          with
          [
              _Tp=float
          ]
D:\coinGenerator\coinGenerator\etf.cpp(518,36): warning C4244: '=': 'double'에서 '_Tp'(으)로 변환하면서 데이터가 손실될 수 있습니다.
          with
          [
              _Tp=float
          ]
  modelGen.cpp
D:\coinGenerator\coinGenerator\delaunay.h(13,3): warning C4091: 'typedef ': 변수를 선언하지 않으면 'del_point2d_t' 왼쪽은 무시됩니다.
D:\coinGenerator\coinGenerator\modelGen.cpp(134,69): warning C4244: '=': 'double'에서 'int'(으)로 변환하면서 데이터가 손실될 수 있습니다.
D:\coinGenerator\coinGenerator\modelGen.cpp(91,20): warning C4101: 'pPixel2' :참조되지 않은 지역 변수입니다.
D:\coinGenerator\coinGenerator\modelGen.cpp(280,16): warning C4996: 'fopen': This function or variable may be unsafe. Consider using fopen_s instead. To disable deprecation, use _CRT_SECURE_NO_WARNINGS. See online help for details.
D:\coinGenerator\coinGenerator\modelGen.cpp(455,10): warning C4244: '초기화 중': 'float'에서 'int'(으)로 변환하면서 데이터가 손실될 수 있습니다.
D:\coinGenerator\coinGenerator\modelGen.cpp(456,10): warning C4244: '초기화 중': 'float'에서 'int'(으)로 변환하면서 데이터가 손실될 수 있습니다.
D:\coinGenerator\coinGenerator\modelGen.cpp(457,10): warning C4244: '초기화 중': 'float'에서 'int'(으)로 변환하면서 데이터가 손실될 수 있습니다.
D:\coinGenerator\coinGenerator\modelGen.cpp(458,10): warning C4244: '초기화 중': 'float'에서 'int'(으)로 변환하면서 데이터가 손실될 수 있습니다.
D:\coinGenerator\coinGenerator\modelGen.cpp(463,35): warning C4244: '초기화 중': 'int'에서 'float'(으)로 변환하면서 데이터가 손실될 수 있습니다.
D:\coinGenerator\coinGenerator\modelGen.cpp(463,43): warning C4244: '초기화 중': 'int'에서 'float'(으)로 변환하면서 데이터가 손실될 수 있습니다.
D:\coinGenerator\coinGenerator\modelGen.cpp(466,16): warning C4244: '=': 'double'에서 'int'(으)로 변환하면서 데이터가 손실될 수 있습니다.
D:\coinGenerator\coinGenerator\modelGen.cpp(468,16): warning C4244: '=': 'double'에서 'int'(으)로 변환하면서 데이터가 손실될 수 있습니다.
D:\coinGenerator\coinGenerator\modelGen.cpp(472,15): warning C4244: '=': 'float'에서 'int'(으)로 변환하면서 데이터가 손실될 수 있습니다.
D:\coinGenerator\coinGenerator\modelGen.cpp(473,15): warning C4244: '=': 'float'에서 'int'(으)로 변환하면서 데이터가 손실될 수 있습니다.
D:\coinGenerator\coinGenerator\modelGen.cpp(479,16): warning C4244: '=': 'float'에서 'int'(으)로 변환하면서 데이터가 손실될 수 있습니다.
D:\coinGenerator\coinGenerator\modelGen.cpp(480,16): warning C4244: '=': 'float'에서 'int'(으)로 변환하면서 데이터가 손실될 수 있습니다.
D:\coinGenerator\coinGenerator\modelGen.cpp(602,33): warning C4267: '초기화 중': 'size_t'에서 'int'(으)로 변환하면서 데이터가 손실될 수 있습니다.
D:\coinGenerator\coinGenerator\modelGen.cpp(626,36): warning C4267: '=': 'size_t'에서 'int'(으)로 변환하면서 데이터가 손실될 수 있습니다.
D:\coinGenerator\coinGenerator\modelGen.cpp(650,39): warning C4267: '=': 'size_t'에서 'int'(으)로 변환하면서 데이터가 손실될 수 있습니다.
D:\coinGenerator\coinGenerator\modelGen.cpp(674,34): warning C4267: '=': 'size_t'에서 'int'(으)로 변환하면서 데이터가 손실될 수 있습니다.
D:\coinGenerator\coinGenerator\modelGen.cpp(701,36): warning C4267: '=': 'size_t'에서 'int'(으)로 변환하면서 데이터가 손실될 수 있습니다.
D:\coinGenerator\coinGenerator\modelGen.cpp(769,34): warning C4267: '=': 'size_t'에서 'int'(으)로 변환하면서 데이터가 손실될 수 있습니다.
D:\coinGenerator\coinGenerator\modelGen.cpp(781,36): warning C4267: '=': 'size_t'에서 'int'(으)로 변환하면서 데이터가 손실될 수 있습니다.
D:\coinGenerator\coinGenerator\modelGen.cpp(809,33): warning C4267: '초기화 중': 'size_t'에서 'int'(으)로 변환하면서 데이터가 손실될 수 있습니다.
D:\coinGenerator\coinGenerator\modelGen.cpp(922,28): warning C4018: '<': signed 또는 unsigned가 일치하지 않습니다.
D:\coinGenerator\coinGenerator\modelGen.cpp(934,40): warning C4244: '=': 'real'에서 'float'(으)로 변환하면서 데이터가 손실될 수 있습니다.
D:\coinGenerator\coinGenerator\modelGen.cpp(935,40): warning C4244: '=': 'real'에서 'float'(으)로 변환하면서 데이터가 손실될 수 있습니다.
D:\coinGenerator\coinGenerator\modelGen.cpp(936,20): warning C4018: '>=': signed 또는 unsigned가 일치하지 않습니다.
D:\coinGenerator\coinGenerator\modelGen.cpp(978,28): warning C4018: '<': signed 또는 unsigned가 일치하지 않습니다.
D:\coinGenerator\coinGenerator\modelGen.cpp(990,44): warning C4244: '=': 'real'에서 'float'(으)로 변환하면서 데이터가 손실될 수 있습니다.
D:\coinGenerator\coinGenerator\modelGen.cpp(991,44): warning C4244: '=': 'real'에서 'float'(으)로 변환하면서 데이터가 손실될 수 있습니다.
D:\coinGenerator\coinGenerator\modelGen.cpp(992,20): warning C4018: '>=': signed 또는 unsigned가 일치하지 않습니다.
D:\coinGenerator\coinGenerator\modelGen.cpp(1042,10): warning C4244: '초기화 중': 'int'에서 'float'(으)로 변환하면서 데이터가 손실될 수 있습니다.
D:\coinGenerator\coinGenerator\modelGen.cpp(1468,101): warning C4244: '+=': 'double'에서 'float'(으)로 변환하면서 데이터가 손실될 수 있습니다.
D:\coinGenerator\coinGenerator\modelGen.cpp(1558,15): warning C4244: '초기화 중': 'float'에서 'int'(으)로 변환하면서 데이터가 손실될 수 있습니다.
D:\coinGenerator\coinGenerator\modelGen.cpp(1560,15): warning C4244: '*=': 'float'에서 'int'(으)로 변환하면서 데이터가 손실될 수 있습니다.
D:\coinGenerator\coinGenerator\modelGen.cpp(1609,80): warning C4267: '인수': 'size_t'에서 'unsigned int'(으)로 변환하면서 데이터가 손실될 수 있습니다.
D:\coinGenerator\coinGenerator\modelGen.cpp(1618,88): warning C4267: '인수': 'size_t'에서 'unsigned int'(으)로 변환하면서 데이터가 손실될 수 있습니다.
D:\coinGenerator\coinGenerator\modelGen.cpp(1629,13): warning C4244: '초기화 중': 'float'에서 'int'(으)로 변환하면서 데이터가 손실될 수 있습니다.
D:\coinGenerator\coinGenerator\modelGen.cpp(1633,10): warning C4244: '초기화 중': 'int'에서 'float'(으)로 변환하면서 데이터가 손실될 수 있습니다.
D:\coinGenerator\coinGenerator\modelGen.cpp(1653,10): warning C4244: '초기화 중': 'int'에서 'float'(으)로 변환하면서 데이터가 손실될 수 있습니다.
  코드를 생성하고 있습니다...
  coinGenerator.vcxproj -> D:\coinGenerator\x64\Debug\coinGenerator.exe
